presentation/build/intermediates/manifest_merge_blame_file/debug/manifest-merger-blame-debug-report.txt
1<?xml version="1.0" encoding="utf-8"?>
2<manifest xmlns:android="http://schemas.android.com/apk/res/android"
3    package="mago.apps.hertz"
4    android:versionCode="1"
5    android:versionName="0.0.1" >
6
7    <uses-sdk
8        android:minSdkVersion="26"
8-->src/main/AndroidManifest.xml
9        android:targetSdkVersion="32" />
9-->src/main/AndroidManifest.xml
10
11    <uses-permission android:name="android.permission.INTERNET" />
11-->src/main/AndroidManifest.xml:5:5-67
11-->src/main/AndroidManifest.xml:5:22-64
12
13    <application
13-->src/main/AndroidManifest.xml:7:5-32:19
14        android:name="mago.apps.hertz.MagoHertzApp"
14-->src/main/AndroidManifest.xml:8:9-37
15        android:allowBackup="true"
15-->src/main/AndroidManifest.xml:9:9-35
16        android:appComponentFactory="androidx.core.app.CoreComponentFactory"
16-->[androidx.core:core:1.8.0] AndroidManifest.xml:24:18-86
17        android:dataExtractionRules="@xml/data_extraction_rules"
17-->src/main/AndroidManifest.xml:10:9-65
18        android:debuggable="true"
19        android:extractNativeLibs="false"
20        android:fullBackupContent="@xml/backup_rules"
20-->src/main/AndroidManifest.xml:11:9-54
21        android:icon="@mipmap/ic_launcher"
21-->src/main/AndroidManifest.xml:12:9-43
22        android:label="@string/app_name"
22-->src/main/AndroidManifest.xml:13:9-41
23        android:roundIcon="@mipmap/ic_launcher_round"
23-->src/main/AndroidManifest.xml:14:9-54
24        android:supportsRtl="true"
24-->src/main/AndroidManifest.xml:15:9-35
25        android:testOnly="true"
26        android:theme="@style/Theme.MagoHz" >
26-->src/main/AndroidManifest.xml:16:9-44
27        <activity
27-->src/main/AndroidManifest.xml:18:9-31:20
28            android:name="mago.apps.hertz.MainActivity"
28-->src/main/AndroidManifest.xml:19:13-41
29            android:exported="true"
29-->src/main/AndroidManifest.xml:20:13-36
30            android:theme="@style/Theme.MagoHz" >
30-->src/main/AndroidManifest.xml:21:13-48
31            <intent-filter>
31-->src/main/AndroidManifest.xml:22:13-26:29
32                <action android:name="android.intent.action.MAIN" />
32-->src/main/AndroidManifest.xml:23:17-69
32-->src/main/AndroidManifest.xml:23:25-66
33
34                <category android:name="android.intent.category.LAUNCHER" />
34-->src/main/AndroidManifest.xml:25:17-77
34-->src/main/AndroidManifest.xml:25:27-74
35            </intent-filter>
36
37            <meta-data
37-->src/main/AndroidManifest.xml:28:13-30:36
38                android:name="android.app.lib_name"
38-->src/main/AndroidManifest.xml:29:17-52
39                android:value="" />
39-->src/main/AndroidManifest.xml:30:17-33
40        </activity>
41
42        <provider
42-->[androidx.profileinstaller:profileinstaller:1.2.0] AndroidManifest.xml:25:9-33:20
43            android:name="androidx.startup.InitializationProvider"
43-->[androidx.profileinstaller:profileinstaller:1.2.0] AndroidManifest.xml:26:13-67
44            android:authorities="mago.apps.hertz.androidx-startup"
44-->[androidx.profileinstaller:profileinstaller:1.2.0] AndroidManifest.xml:27:13-68
45            android:exported="false" >
45-->[androidx.profileinstaller:profileinstaller:1.2.0] AndroidManifest.xml:28:13-37
46            <meta-data
46-->[androidx.profileinstaller:profileinstaller:1.2.0] AndroidManifest.xml:30:13-32:52
47                android:name="androidx.profileinstaller.ProfileInstallerInitializer"
47-->[androidx.profileinstaller:profileinstaller:1.2.0] AndroidManifest.xml:31:17-85
48                android:value="androidx.startup" />
48-->[androidx.profileinstaller:profileinstaller:1.2.0] AndroidManifest.xml:32:17-49
49        </provider>
50
51        <receiver
51-->[androidx.profileinstaller:profileinstaller:1.2.0] AndroidManifest.xml:35:9-47:20
52            android:name="androidx.profileinstaller.ProfileInstallReceiver"
52-->[androidx.profileinstaller:profileinstaller:1.2.0] AndroidManifest.xml:36:13-76
53            android:directBootAware="false"
53-->[androidx.profileinstaller:profileinstaller:1.2.0] AndroidManifest.xml:37:13-44
54            android:enabled="true"
54-->[androidx.profileinstaller:profileinstaller:1.2.0] AndroidManifest.xml:38:13-35
55            android:exported="true"
55-->[androidx.profileinstaller:profileinstaller:1.2.0] AndroidManifest.xml:39:13-36
56            android:permission="android.permission.DUMP" >
56-->[androidx.profileinstaller:profileinstaller:1.2.0] AndroidManifest.xml:40:13-57
57            <intent-filter>
57-->[androidx.profileinstaller:profileinstaller:1.2.0] AndroidManifest.xml:41:13-43:29
58                <action android:name="androidx.profileinstaller.action.INSTALL_PROFILE" />
58-->[androidx.profileinstaller:profileinstaller:1.2.0] AndroidManifest.xml:42:17-91
58-->[androidx.profileinstaller:profileinstaller:1.2.0] AndroidManifest.xml:42:25-88
59            </intent-filter>
60            <intent-filter>
60-->[androidx.profileinstaller:profileinstaller:1.2.0] AndroidManifest.xml:44:13-46:29
61                <action android:name="androidx.profileinstaller.action.SKIP_FILE" />
61-->[androidx.profileinstaller:profileinstaller:1.2.0] AndroidManifest.xml:45:17-85
61-->[androidx.profileinstaller:profileinstaller:1.2.0] AndroidManifest.xml:45:25-82
62            </intent-filter>
63        </receiver>
64    </application>
65
66</manifest>